  WeatherData.cpp
C:\Users\Novak\Desktop\WeatherStation\WeatherStation\WeatherData.cpp(145,12): warning C4244: 'initializing': conversion from 'double' to 'int', possible loss of data
C:\Users\Novak\Desktop\WeatherStation\WeatherStation\WeatherData.cpp(146,86): warning C4244: '=': conversion from 'double' to 'int', possible loss of data
C:\Users\Novak\Desktop\WeatherStation\WeatherStation\WeatherData.cpp(152,88): warning C4244: '=': conversion from 'double' to 'int', possible loss of data
C:\Users\Novak\Desktop\WeatherStation\WeatherStation\WeatherData.cpp(164,17): warning C4244: 'initializing': conversion from 'double' to 'float', possible loss of data
C:\Users\Novak\Desktop\WeatherStation\WeatherStation\WeatherData.cpp(165,13): warning C4244: 'initializing': conversion from 'double' to 'float', possible loss of data
C:\Users\Novak\Desktop\WeatherStation\WeatherStation\WeatherData.cpp(166,14): warning C4244: 'initializing': conversion from 'double' to 'float', possible loss of data
C:\Users\Novak\Desktop\WeatherStation\WeatherStation\WeatherData.cpp(167,47): warning C4244: '=': conversion from 'float' to 'int', possible loss of data
C:\Users\Novak\Desktop\WeatherStation\WeatherStation\WeatherData.cpp(200,48): warning C4244: 'argument': conversion from 'double' to 'float', possible loss of data
C:\Users\Novak\Desktop\WeatherStation\WeatherStation\WeatherData.cpp(200,13): warning C4244: 'initializing': conversion from 'double' to 'float', possible loss of data
C:\Users\Novak\Desktop\WeatherStation\WeatherStation\WeatherData.cpp(201,15): warning C4305: 'initializing': truncation from 'double' to 'float'
C:\Users\Novak\Desktop\WeatherStation\WeatherStation\WeatherData.cpp(202,16): warning C4244: 'initializing': conversion from 'double' to 'float', possible loss of data
C:\Users\Novak\Desktop\WeatherStation\WeatherStation\WeatherData.cpp(204,22): warning C4244: 'initializing': conversion from 'double' to 'float', possible loss of data
C:\Users\Novak\Desktop\WeatherStation\WeatherStation\WeatherData.cpp(206,20): warning C4244: 'initializing': conversion from 'double' to 'float', possible loss of data
C:\Users\Novak\Desktop\WeatherStation\WeatherStation\WeatherData.cpp(207,19): warning C4244: 'initializing': conversion from 'double' to 'float', possible loss of data
C:\Users\Novak\Desktop\WeatherStation\WeatherStation\WeatherData.cpp(227,13): warning C4305: '=': truncation from 'double' to 'float'
C:\Users\Novak\Desktop\WeatherStation\WeatherStation\WeatherData.cpp(231,13): warning C4305: '=': truncation from 'double' to 'float'
C:\Users\Novak\Desktop\WeatherStation\WeatherStation\WeatherData.cpp(235,13): warning C4305: '=': truncation from 'double' to 'float'
C:\Users\Novak\Desktop\WeatherStation\WeatherStation\WeatherData.cpp(239,13): warning C4305: '=': truncation from 'double' to 'float'
C:\Users\Novak\Desktop\WeatherStation\WeatherStation\WeatherData.cpp(243,12): warning C4305: '=': truncation from 'double' to 'float'
C:\Users\Novak\Desktop\WeatherStation\WeatherStation\WeatherData.cpp(247,12): warning C4305: '=': truncation from 'double' to 'float'
C:\Users\Novak\Desktop\WeatherStation\WeatherStation\WeatherData.cpp(251,13): warning C4305: '=': truncation from 'double' to 'float'
C:\Users\Novak\Desktop\WeatherStation\WeatherStation\WeatherData.cpp(255,13): warning C4305: '=': truncation from 'double' to 'float'
C:\Users\Novak\Desktop\WeatherStation\WeatherStation\WeatherData.cpp(259,153): warning C4244: '=': conversion from 'double' to 'int', possible loss of data
C:\Users\Novak\Desktop\WeatherStation\WeatherStation\WeatherData.cpp(260,49): warning C4244: '=': conversion from 'double' to 'int', possible loss of data
C:\Users\Novak\Desktop\WeatherStation\WeatherStation\WeatherData.cpp(266,104): warning C4244: '=': conversion from 'double' to 'int', possible loss of data
C:\Users\Novak\Desktop\WeatherStation\WeatherStation\WeatherData.cpp(267,50): warning C4244: '=': conversion from 'double' to 'int', possible loss of data
C:\Users\Novak\Desktop\WeatherStation\WeatherStation\WeatherData.cpp(273,51): warning C4244: '=': conversion from 'double' to 'int', possible loss of data
C:\Users\Novak\Desktop\WeatherStation\WeatherStation\WeatherData.cpp(274,104): warning C4244: '=': conversion from 'double' to 'int', possible loss of data
C:\Users\Novak\Desktop\WeatherStation\WeatherStation\WeatherData.cpp(280,52): warning C4244: '=': conversion from 'double' to 'int', possible loss of data
C:\Users\Novak\Desktop\WeatherStation\WeatherStation\WeatherData.cpp(281,138): warning C4244: '=': conversion from 'double' to 'int', possible loss of data
C:\Users\Novak\Desktop\WeatherStation\WeatherStation\WeatherData.cpp(285,96): warning C4244: '=': conversion from 'double' to 'int', possible loss of data
C:\Users\Novak\Desktop\WeatherStation\WeatherStation\WeatherData.cpp(286,186): warning C4244: '=': conversion from 'double' to 'int', possible loss of data
C:\Users\Novak\Desktop\WeatherStation\WeatherStation\WeatherData.cpp(300,13): warning C4305: '=': truncation from 'double' to 'float'
C:\Users\Novak\Desktop\WeatherStation\WeatherStation\WeatherData.cpp(304,13): warning C4305: '=': truncation from 'double' to 'float'
C:\Users\Novak\Desktop\WeatherStation\WeatherStation\WeatherData.cpp(308,13): warning C4305: '=': truncation from 'double' to 'float'
C:\Users\Novak\Desktop\WeatherStation\WeatherStation\WeatherData.cpp(312,13): warning C4305: '=': truncation from 'double' to 'float'
C:\Users\Novak\Desktop\WeatherStation\WeatherStation\WeatherData.cpp(316,12): warning C4305: '=': truncation from 'double' to 'float'
C:\Users\Novak\Desktop\WeatherStation\WeatherStation\WeatherData.cpp(320,12): warning C4305: '=': truncation from 'double' to 'float'
C:\Users\Novak\Desktop\WeatherStation\WeatherStation\WeatherData.cpp(324,13): warning C4305: '=': truncation from 'double' to 'float'
C:\Users\Novak\Desktop\WeatherStation\WeatherStation\WeatherData.cpp(328,13): warning C4305: '=': truncation from 'double' to 'float'
C:\Users\Novak\Desktop\WeatherStation\WeatherStation\WeatherData.cpp(332,30): warning C4244: 'return': conversion from 'double' to 'int', possible loss of data
C:\Users\Novak\Desktop\WeatherStation\WeatherStation\WeatherData.cpp(336,31): warning C4244: 'return': conversion from 'double' to 'int', possible loss of data
C:\Users\Novak\Desktop\WeatherStation\WeatherStation\WeatherData.cpp(340,31): warning C4244: 'return': conversion from 'double' to 'int', possible loss of data
C:\Users\Novak\Desktop\WeatherStation\WeatherStation\WeatherData.cpp(344,31): warning C4244: 'return': conversion from 'double' to 'int', possible loss of data
C:\Users\Novak\Desktop\WeatherStation\WeatherStation\WeatherData.cpp(346,30): warning C4244: 'return': conversion from 'double' to 'int', possible loss of data
C:\Users\Novak\Desktop\WeatherStation\WeatherStation\WeatherData.cpp(354,16): warning C4305: '=': truncation from 'double' to 'float'
C:\Users\Novak\Desktop\WeatherStation\WeatherStation\WeatherData.cpp(358,16): warning C4305: '=': truncation from 'double' to 'float'
C:\Users\Novak\Desktop\WeatherStation\WeatherStation\WeatherData.cpp(359,16): warning C4305: '=': truncation from 'double' to 'float'
C:\Users\Novak\Desktop\WeatherStation\WeatherStation\WeatherData.cpp(363,16): warning C4305: '=': truncation from 'double' to 'float'
C:\Users\Novak\Desktop\WeatherStation\WeatherStation\WeatherData.cpp(368,16): warning C4305: '=': truncation from 'double' to 'float'
C:\Users\Novak\Desktop\WeatherStation\WeatherStation\WeatherData.cpp(378,15): warning C4305: '=': truncation from 'double' to 'float'
C:\Users\Novak\Desktop\WeatherStation\WeatherStation\WeatherData.cpp(379,15): warning C4305: '=': truncation from 'double' to 'float'
C:\Users\Novak\Desktop\WeatherStation\WeatherStation\WeatherData.cpp(383,15): warning C4305: '=': truncation from 'double' to 'float'
C:\Users\Novak\Desktop\WeatherStation\WeatherStation\WeatherData.cpp(384,15): warning C4305: '=': truncation from 'double' to 'float'
C:\Users\Novak\Desktop\WeatherStation\WeatherStation\WeatherData.cpp(388,16): warning C4305: '=': truncation from 'double' to 'float'
C:\Users\Novak\Desktop\WeatherStation\WeatherStation\WeatherData.cpp(389,16): warning C4305: '=': truncation from 'double' to 'float'
C:\Users\Novak\Desktop\WeatherStation\WeatherStation\WeatherData.cpp(393,16): warning C4305: '=': truncation from 'double' to 'float'
C:\Users\Novak\Desktop\WeatherStation\WeatherStation\WeatherData.cpp(394,16): warning C4305: '=': truncation from 'double' to 'float'
C:\Users\Novak\Desktop\WeatherStation\WeatherStation\WeatherData.cpp(398,16): warning C4305: '=': truncation from 'double' to 'float'
C:\Users\Novak\Desktop\WeatherStation\WeatherStation\WeatherData.cpp(403,60): warning C4244: 'return': conversion from 'double' to 'int', possible loss of data
C:\Users\Novak\Desktop\WeatherStation\WeatherStation\WeatherData.cpp(405,59): warning C4244: 'return': conversion from 'double' to 'int', possible loss of data
  WeatherStation.vcxproj -> C:\Users\Novak\Desktop\WeatherStation\x64\Debug\WeatherStation.exe
